npm verbose cli /home/nicolas/.nvm/versions/node/v22.12.0/bin/node /home/nicolas/.nvm/versions/node/v22.12.0/bin/npm
npm info using npm@10.9.0
npm info using node@v22.12.0
npm verbose title npm start
npm verbose argv "start"
npm verbose logfile logs-max:10 dir:/home/nicolas/.npm/_logs/2025-01-02T01_19_04_547Z-
npm verbose logfile /home/nicolas/.npm/_logs/2025-01-02T01_19_04_547Z-debug-0.log

> discord_gacha_battle_bot@1.0.0 start
> node index.js

Caminho do .env: /home/nicolas/DISCORD_GACHA_BATTLE_BOT/DGB-BOT-DISCORD/.env
{"level":"info","message":"Aplicação iniciada com sucesso!","timestamp":"2025-01-02T01:19:10.140Z"}
{"level":"info","message":"Ready! Logged in as DGB BOT#5965","timestamp":"2025-01-02T01:19:11.566Z"}
Executing (default): SELECT 1+1 AS result
Executing (default): SELECT TABLE_NAME FROM INFORMATION_SCHEMA.TABLES WHERE TABLE_TYPE = 'BASE TABLE' AND TABLE_NAME = 'skills' AND TABLE_SCHEMA = 'dgbbot_database'
Executing (default): SHOW INDEX FROM `skills` FROM `dgbbot_database`
Executing (default): SELECT TABLE_NAME FROM INFORMATION_SCHEMA.TABLES WHERE TABLE_TYPE = 'BASE TABLE' AND TABLE_NAME = 'cards' AND TABLE_SCHEMA = 'dgbbot_database'
Executing (default): SHOW INDEX FROM `cards` FROM `dgbbot_database`
Executing (default): SELECT TABLE_NAME FROM INFORMATION_SCHEMA.TABLES WHERE TABLE_TYPE = 'BASE TABLE' AND TABLE_NAME = 'users' AND TABLE_SCHEMA = 'dgbbot_database'
Executing (default): SHOW INDEX FROM `users` FROM `dgbbot_database`
Executing (default): SELECT TABLE_NAME FROM INFORMATION_SCHEMA.TABLES WHERE TABLE_TYPE = 'BASE TABLE' AND TABLE_NAME = 'usercards' AND TABLE_SCHEMA = 'dgbbot_database'
Executing (default): SHOW INDEX FROM `usercards` FROM `dgbbot_database`
Executing (default): SELECT TABLE_NAME FROM INFORMATION_SCHEMA.TABLES WHERE TABLE_TYPE = 'BASE TABLE' AND TABLE_NAME = 'skills' AND TABLE_SCHEMA = 'dgbbot_database'
Executing (default): SHOW FULL COLUMNS FROM `skills`;
Executing (default): SELECT CONSTRAINT_NAME as constraint_name,CONSTRAINT_NAME as constraintName,CONSTRAINT_SCHEMA as constraintSchema,CONSTRAINT_SCHEMA as constraintCatalog,TABLE_NAME as tableName,TABLE_SCHEMA as tableSchema,TABLE_SCHEMA as tableCatalog,COLUMN_NAME as columnName,REFERENCED_TABLE_SCHEMA as referencedTableSchema,REFERENCED_TABLE_SCHEMA as referencedTableCatalog,REFERENCED_TABLE_NAME as referencedTableName,REFERENCED_COLUMN_NAME as referencedColumnName FROM INFORMATION_SCHEMA.KEY_COLUMN_USAGE where TABLE_NAME = 'skills' AND CONSTRAINT_NAME!='PRIMARY' AND CONSTRAINT_SCHEMA='dgbbot_database' AND REFERENCED_TABLE_NAME IS NOT NULL;
Executing (default): ALTER TABLE `skills` CHANGE `name` `name` VARCHAR(255) NOT NULL UNIQUE;
Executing (default): ALTER TABLE `skills` CHANGE `description` `description` VARCHAR(255) NOT NULL;
Executing (default): ALTER TABLE `skills` CHANGE `image` `image` VARCHAR(255) NOT NULL;
Executing (default): ALTER TABLE `skills` CHANGE `imageHash` `imageHash` VARCHAR(255) NOT NULL UNIQUE;
Executing (default): ALTER TABLE `skills` CHANGE `cost` `cost` INTEGER NOT NULL;
Executing (default): ALTER TABLE `skills` CHANGE `SkillType` `SkillType` VARCHAR(255) NOT NULL;
Executing (default): ALTER TABLE `skills` CHANGE `SkillValue` `SkillValue` INTEGER DEFAULT 0;
Executing (default): ALTER TABLE `skills` CHANGE `StatusChangeType` `StatusChangeType` VARCHAR(255) NOT NULL DEFAULT '';
Executing (default): ALTER TABLE `skills` CHANGE `SkillMultiplier` `SkillMultiplier` FLOAT NOT NULL;
Executing (default): ALTER TABLE `skills` CHANGE `acurracy` `acurracy` FLOAT NOT NULL;
Executing (default): ALTER TABLE `skills` CHANGE `hitTimes` `hitTimes` INTEGER NOT NULL;
Executing (default): ALTER TABLE `skills` CHANGE `duration` `duration` INTEGER NOT NULL DEFAULT 0;
Executing (default): ALTER TABLE `skills` CHANGE `createdAt` `createdAt` DATETIME NOT NULL;
Executing (default): ALTER TABLE `skills` CHANGE `updatedAt` `updatedAt` DATETIME NOT NULL;
Executing (default): SELECT CONSTRAINT_CATALOG AS constraintCatalog, CONSTRAINT_NAME AS constraintName, CONSTRAINT_SCHEMA AS constraintSchema, CONSTRAINT_TYPE AS constraintType, TABLE_NAME AS tableName, TABLE_SCHEMA AS tableSchema from INFORMATION_SCHEMA.TABLE_CONSTRAINTS WHERE table_name='skills' AND constraint_name = 'skills_ibfk_1' AND TABLE_SCHEMA = 'dgbbot_database';
Executing (default): ALTER TABLE `skills` DROP FOREIGN KEY `skills_ibfk_1`;
Executing (default): ALTER TABLE `skills` ADD FOREIGN KEY (`cardId`) REFERENCES `cards` (`id`) ON DELETE SET NULL ON UPDATE CASCADE;
Executing (default): SHOW INDEX FROM `skills` FROM `dgbbot_database`
Executing (default): SELECT TABLE_NAME FROM INFORMATION_SCHEMA.TABLES WHERE TABLE_TYPE = 'BASE TABLE' AND TABLE_NAME = 'cards' AND TABLE_SCHEMA = 'dgbbot_database'
Executing (default): SHOW FULL COLUMNS FROM `cards`;
Executing (default): SELECT CONSTRAINT_NAME as constraint_name,CONSTRAINT_NAME as constraintName,CONSTRAINT_SCHEMA as constraintSchema,CONSTRAINT_SCHEMA as constraintCatalog,TABLE_NAME as tableName,TABLE_SCHEMA as tableSchema,TABLE_SCHEMA as tableCatalog,COLUMN_NAME as columnName,REFERENCED_TABLE_SCHEMA as referencedTableSchema,REFERENCED_TABLE_SCHEMA as referencedTableCatalog,REFERENCED_TABLE_NAME as referencedTableName,REFERENCED_COLUMN_NAME as referencedColumnName FROM INFORMATION_SCHEMA.KEY_COLUMN_USAGE where TABLE_NAME = 'cards' AND CONSTRAINT_NAME!='PRIMARY' AND CONSTRAINT_SCHEMA='dgbbot_database' AND REFERENCED_TABLE_NAME IS NOT NULL;
Executing (default): ALTER TABLE `cards` CHANGE `name` `name` VARCHAR(255) NOT NULL UNIQUE;
Executing (default): ALTER TABLE `cards` CHANGE `description` `description` VARCHAR(255) NOT NULL;
Executing (default): ALTER TABLE `cards` CHANGE `image` `image` VARCHAR(255) NOT NULL;
Executing (default): ALTER TABLE `cards` CHANGE `imageHash` `imageHash` VARCHAR(255) NOT NULL UNIQUE;
Executing (default): ALTER TABLE `cards` CHANGE `rarity` `rarity` VARCHAR(255) NOT NULL;
Executing (default): ALTER TABLE `cards` CHANGE `price` `price` FLOAT NOT NULL;
Executing (default): ALTER TABLE `cards` CHANGE `sellValue` `sellValue` FLOAT NOT NULL;
Executing (default): ALTER TABLE `cards` CHANGE `tradable` `tradable` TINYINT(1) NOT NULL;
Executing (default): ALTER TABLE `cards` CHANGE `HP` `HP` INTEGER NOT NULL;
Executing (default): ALTER TABLE `cards` CHANGE `MANA` `MANA` INTEGER NOT NULL;
Executing (default): ALTER TABLE `cards` CHANGE `ATK` `ATK` INTEGER NOT NULL;
Executing (default): ALTER TABLE `cards` CHANGE `DEF` `DEF` INTEGER NOT NULL;
Executing (default): ALTER TABLE `cards` CHANGE `SPEED` `SPEED` INTEGER NOT NULL;
Executing (default): SELECT CONSTRAINT_CATALOG AS constraintCatalog, CONSTRAINT_NAME AS constraintName, CONSTRAINT_SCHEMA AS constraintSchema, CONSTRAINT_TYPE AS constraintType, TABLE_NAME AS tableName, TABLE_SCHEMA AS tableSchema from INFORMATION_SCHEMA.TABLE_CONSTRAINTS WHERE table_name='cards' AND constraint_name = 'cards_ibfk_1' AND TABLE_SCHEMA = 'dgbbot_database';
Executing (default): ALTER TABLE `cards` DROP FOREIGN KEY `cards_ibfk_1`;
Executing (default): SELECT CONSTRAINT_CATALOG AS constraintCatalog, CONSTRAINT_NAME AS constraintName, CONSTRAINT_SCHEMA AS constraintSchema, CONSTRAINT_TYPE AS constraintType, TABLE_NAME AS tableName, TABLE_SCHEMA AS tableSchema from INFORMATION_SCHEMA.TABLE_CONSTRAINTS WHERE table_name='cards' AND constraint_name = 'cards_ibfk_2' AND TABLE_SCHEMA = 'dgbbot_database';
Executing (default): ALTER TABLE `cards` DROP FOREIGN KEY `cards_ibfk_2`;
Executing (default): ALTER TABLE `cards` ADD FOREIGN KEY (`SKILL1`) REFERENCES `skills` (`id`);
Executing (default): ALTER TABLE `cards` ADD FOREIGN KEY (`SKILL2`) REFERENCES `skills` (`id`);
Executing (default): ALTER TABLE `cards` CHANGE `createdAt` `createdAt` DATETIME NOT NULL;
Executing (default): ALTER TABLE `cards` CHANGE `updatedAt` `updatedAt` DATETIME NOT NULL;
Executing (default): SHOW INDEX FROM `cards` FROM `dgbbot_database`
Executing (default): SELECT TABLE_NAME FROM INFORMATION_SCHEMA.TABLES WHERE TABLE_TYPE = 'BASE TABLE' AND TABLE_NAME = 'users' AND TABLE_SCHEMA = 'dgbbot_database'
Executing (default): SHOW FULL COLUMNS FROM `users`;
Executing (default): SELECT CONSTRAINT_NAME as constraint_name,CONSTRAINT_NAME as constraintName,CONSTRAINT_SCHEMA as constraintSchema,CONSTRAINT_SCHEMA as constraintCatalog,TABLE_NAME as tableName,TABLE_SCHEMA as tableSchema,TABLE_SCHEMA as tableCatalog,COLUMN_NAME as columnName,REFERENCED_TABLE_SCHEMA as referencedTableSchema,REFERENCED_TABLE_SCHEMA as referencedTableCatalog,REFERENCED_TABLE_NAME as referencedTableName,REFERENCED_COLUMN_NAME as referencedColumnName FROM INFORMATION_SCHEMA.KEY_COLUMN_USAGE where TABLE_NAME = 'users' AND CONSTRAINT_NAME!='PRIMARY' AND CONSTRAINT_SCHEMA='dgbbot_database' AND REFERENCED_TABLE_NAME IS NOT NULL;
Executing (default): ALTER TABLE `users` CHANGE `discordID` `discordID` VARCHAR(255) NOT NULL;
Executing (default): ALTER TABLE `users` CHANGE `name` `name` VARCHAR(255) NOT NULL;
Executing (default): ALTER TABLE `users` CHANGE `wallet` `wallet` INTEGER DEFAULT 50;
Executing (default): ALTER TABLE `users` CHANGE `Daily` `Daily` TINYINT(1) DEFAULT false;
Executing (default): ALTER TABLE `users` CHANGE `alreadyWorked` `alreadyWorked` TINYINT(1) DEFAULT false;
Executing (default): ALTER TABLE `users` CHANGE `inventory` `inventory` INTEGER DEFAULT 0;
Executing (default): ALTER TABLE `users` CHANGE `inventoryLimit` `inventoryLimit` INTEGER DEFAULT 15;
Executing (default): ALTER TABLE `users` CHANGE `BattlesWon` `BattlesWon` INTEGER DEFAULT 0;
Executing (default): ALTER TABLE `users` CHANGE `BattlesLost` `BattlesLost` INTEGER DEFAULT 0;
Executing (default): ALTER TABLE `users` CHANGE `BattlesGiveUp` `BattlesGiveUp` INTEGER DEFAULT 0;
Executing (default): ALTER TABLE `users` CHANGE `IsInBattle` `IsInBattle` TINYINT(1) DEFAULT false;
Executing (default): ALTER TABLE `users` CHANGE `IsAdmin` `IsAdmin` TINYINT(1) DEFAULT false;
Executing (default): ALTER TABLE `users` CHANGE `BasicPackageQty` `BasicPackageQty` INTEGER DEFAULT 0;
Executing (default): ALTER TABLE `users` CHANGE `AdvancedPackageQty` `AdvancedPackageQty` INTEGER DEFAULT 0;
Executing (default): ALTER TABLE `users` CHANGE `PremiumPackageQty` `PremiumPackageQty` INTEGER DEFAULT 0;
Executing (default): ALTER TABLE `users` CHANGE `createdAt` `createdAt` DATETIME NOT NULL;
Executing (default): ALTER TABLE `users` CHANGE `updatedAt` `updatedAt` DATETIME NOT NULL;
Executing (default): SHOW INDEX FROM `users` FROM `dgbbot_database`
Executing (default): SELECT TABLE_NAME FROM INFORMATION_SCHEMA.TABLES WHERE TABLE_TYPE = 'BASE TABLE' AND TABLE_NAME = 'usercards' AND TABLE_SCHEMA = 'dgbbot_database'
Executing (default): SHOW FULL COLUMNS FROM `usercards`;
Executing (default): SELECT CONSTRAINT_NAME as constraint_name,CONSTRAINT_NAME as constraintName,CONSTRAINT_SCHEMA as constraintSchema,CONSTRAINT_SCHEMA as constraintCatalog,TABLE_NAME as tableName,TABLE_SCHEMA as tableSchema,TABLE_SCHEMA as tableCatalog,COLUMN_NAME as columnName,REFERENCED_TABLE_SCHEMA as referencedTableSchema,REFERENCED_TABLE_SCHEMA as referencedTableCatalog,REFERENCED_TABLE_NAME as referencedTableName,REFERENCED_COLUMN_NAME as referencedColumnName FROM INFORMATION_SCHEMA.KEY_COLUMN_USAGE where TABLE_NAME = 'usercards' AND CONSTRAINT_NAME!='PRIMARY' AND CONSTRAINT_SCHEMA='dgbbot_database' AND REFERENCED_TABLE_NAME IS NOT NULL;
Executing (default): ALTER TABLE `usercards` CHANGE `quantity` `quantity` INTEGER NOT NULL;
Executing (default): ALTER TABLE `usercards` CHANGE `currentHP` `currentHP` INTEGER NOT NULL;
Executing (default): ALTER TABLE `usercards` CHANGE `currentATK` `currentATK` INTEGER NOT NULL;
Executing (default): ALTER TABLE `usercards` CHANGE `currentDEF` `currentDEF` INTEGER NOT NULL;
Executing (default): ALTER TABLE `usercards` CHANGE `currentSPEED` `currentSPEED` INTEGER NOT NULL;
Executing (default): ALTER TABLE `usercards` CHANGE `createdAt` `createdAt` DATETIME NOT NULL;
Executing (default): ALTER TABLE `usercards` CHANGE `updatedAt` `updatedAt` DATETIME NOT NULL;
Executing (default): SHOW INDEX FROM `usercards` FROM `dgbbot_database`
Executing (default): SELECT `id`, `name`, `description`, `image`, `imageHash`, `cost`, `SkillType`, `SkillValue`, `StatusChangeType`, `SkillMultiplier`, `acurracy`, `hitTimes`, `duration`, `createdAt`, `updatedAt`, `cardId` FROM `skills` AS `skill` WHERE `skill`.`imageHash` = '4597911a05b0f767b244fd0d56253072d2fa60464062c0af50e4c238b11e41f3';
Imagem já existe no banco de dados, usando URL existente.
Executing (default): SELECT `id`, `name`, `description`, `image`, `imageHash`, `cost`, `SkillType`, `SkillValue`, `StatusChangeType`, `SkillMultiplier`, `acurracy`, `hitTimes`, `duration`, `createdAt`, `updatedAt`, `cardId` FROM `skills` AS `skill` WHERE `skill`.`imageHash` = '816fe737e6c30ab4579a03512476d4068e7f130928287827198cafa6bb363d5a';
Imagem já existe no banco de dados, usando URL existente.
Executing (default): SELECT `id`, `name`, `description`, `image`, `imageHash`, `rarity`, `price`, `sellValue`, `tradable`, `HP`, `MANA`, `ATK`, `DEF`, `SPEED`, `SKILL1`, `SKILL2`, `createdAt`, `updatedAt` FROM `cards` AS `card` WHERE `card`.`imageHash` = '7ec17739b4d8220b0829b207d8a36c54bcf4237d31c9cd568f4149ab210f3886';
Imagem já existe no banco de dados, usando URL existente.
{"level":"info","message":"Conexão com o banco de dados estabelecida com sucesso!","timestamp":"2025-01-02T01:19:14.027Z"}
Successfully registered application commands.
Executing (default): SELECT `id`, `discordID`, `name`, `wallet`, `Daily`, `alreadyWorked`, `inventory`, `inventoryLimit`, `BattlesWon`, `BattlesLost`, `BattlesGiveUp`, `IsInBattle`, `IsAdmin`, `BasicPackageQty`, `AdvancedPackageQty`, `PremiumPackageQty`, `createdAt`, `updatedAt` FROM `users` AS `user` WHERE `user`.`discordID` = '1048239112274055219' LIMIT 1;
Executing (default): SELECT `id`, `discordID`, `name`, `wallet`, `Daily`, `alreadyWorked`, `inventory`, `inventoryLimit`, `BattlesWon`, `BattlesLost`, `BattlesGiveUp`, `IsInBattle`, `IsAdmin`, `BasicPackageQty`, `AdvancedPackageQty`, `PremiumPackageQty`, `createdAt`, `updatedAt` FROM `users` AS `user` WHERE `user`.`discordId` = '1048239112274055219' LIMIT 1;
Executing (default): SELECT `id`, `discordID`, `name`, `wallet`, `Daily`, `alreadyWorked`, `inventory`, `inventoryLimit`, `BattlesWon`, `BattlesLost`, `BattlesGiveUp`, `IsInBattle`, `IsAdmin`, `BasicPackageQty`, `AdvancedPackageQty`, `PremiumPackageQty`, `createdAt`, `updatedAt` FROM `users` AS `user` WHERE `user`.`discordID` = '1048239112274055219' LIMIT 1;
Executing (default): SELECT `id`, `discordID`, `name`, `wallet`, `Daily`, `alreadyWorked`, `inventory`, `inventoryLimit`, `BattlesWon`, `BattlesLost`, `BattlesGiveUp`, `IsInBattle`, `IsAdmin`, `BasicPackageQty`, `AdvancedPackageQty`, `PremiumPackageQty`, `createdAt`, `updatedAt` FROM `users` AS `user` WHERE `user`.`discordId` = '1048239112274055219' LIMIT 1;
Executing (default): SELECT `id`, `discordID`, `name`, `wallet`, `Daily`, `alreadyWorked`, `inventory`, `inventoryLimit`, `BattlesWon`, `BattlesLost`, `BattlesGiveUp`, `IsInBattle`, `IsAdmin`, `BasicPackageQty`, `AdvancedPackageQty`, `PremiumPackageQty`, `createdAt`, `updatedAt` FROM `users` AS `user` WHERE `user`.`discordID` = '1048239112274055219' LIMIT 1;
Executing (default): SELECT `id`, `discordID`, `name`, `wallet`, `Daily`, `alreadyWorked`, `inventory`, `inventoryLimit`, `BattlesWon`, `BattlesLost`, `BattlesGiveUp`, `IsInBattle`, `IsAdmin`, `BasicPackageQty`, `AdvancedPackageQty`, `PremiumPackageQty`, `createdAt`, `updatedAt` FROM `users` AS `user` WHERE `user`.`discordId` = '1048239112274055219' LIMIT 1;
Executing (default): SELECT `id`, `discordID`, `name`, `wallet`, `Daily`, `alreadyWorked`, `inventory`, `inventoryLimit`, `BattlesWon`, `BattlesLost`, `BattlesGiveUp`, `IsInBattle`, `IsAdmin`, `BasicPackageQty`, `AdvancedPackageQty`, `PremiumPackageQty`, `createdAt`, `updatedAt` FROM `users` AS `user` WHERE `user`.`discordID` = '1048239112274055219' LIMIT 1;
Executing (default): SELECT `id`, `discordID`, `name`, `wallet`, `Daily`, `alreadyWorked`, `inventory`, `inventoryLimit`, `BattlesWon`, `BattlesLost`, `BattlesGiveUp`, `IsInBattle`, `IsAdmin`, `BasicPackageQty`, `AdvancedPackageQty`, `PremiumPackageQty`, `createdAt`, `updatedAt` FROM `users` AS `user` WHERE `user`.`discordId` = '1048239112274055219' LIMIT 1;
Erro ao processar a interação: DiscordAPIError[10062]: Unknown interaction
    at handleErrors (/home/nicolas/DISCORD_GACHA_BATTLE_BOT/DGB-BOT-DISCORD/node_modules/@discordjs/rest/dist/index.js:727:13)
    at process.processTicksAndRejections (node:internal/process/task_queues:105:5)
    at async BurstHandler.runRequest (/home/nicolas/DISCORD_GACHA_BATTLE_BOT/DGB-BOT-DISCORD/node_modules/@discordjs/rest/dist/index.js:831:23)
    at async _REST.request (/home/nicolas/DISCORD_GACHA_BATTLE_BOT/DGB-BOT-DISCORD/node_modules/@discordjs/rest/dist/index.js:1272:22)
    at async ChatInputCommandInteraction.reply (/home/nicolas/DISCORD_GACHA_BATTLE_BOT/DGB-BOT-DISCORD/node_modules/discord.js/src/structures/interfaces/InteractionResponses.js:115:5)
    at async Object.myProfile (/home/nicolas/DISCORD_GACHA_BATTLE_BOT/DGB-BOT-DISCORD/handlers/interaction/interactionList.js:22:3)
    at async handleInteraction (/home/nicolas/DISCORD_GACHA_BATTLE_BOT/DGB-BOT-DISCORD/handlers/interaction-handler.js:34:9)
    at async Client.<anonymous> (/home/nicolas/DISCORD_GACHA_BATTLE_BOT/DGB-BOT-DISCORD/index.js:55:26) {
  requestBody: { files: [], json: { type: 4, data: [Object] } },
  rawError: { message: 'Unknown interaction', code: 10062 },
  code: 10062,
  status: 404,
  method: 'POST',
  url: 'https://discord.com/api/v10/interactions/1324196522073526312/aW50ZXJhY3Rpb246MTMyNDE5NjUyMjA3MzUyNjMxMjo1bUNPZ0dNeDI3TUZyUHV6NkRJZGwxdVJ5cWpvTktyM1hUSjAyMmNpWWRyRFVzRXZDZU5PZGxJcmZzNGRPOTF5WlJiNTlleFJXWXRDNGxEdVI2ZklaM0ZZZzh1NFcwRXRYV3Y5aU9JY3BKY2lQenl6d3NiazI4M21BR2lKM0dMcg/callback'
}
Executing (default): SELECT `id`, `discordID`, `name`, `wallet`, `Daily`, `alreadyWorked`, `inventory`, `inventoryLimit`, `BattlesWon`, `BattlesLost`, `BattlesGiveUp`, `IsInBattle`, `IsAdmin`, `BasicPackageQty`, `AdvancedPackageQty`, `PremiumPackageQty`, `createdAt`, `updatedAt` FROM `users` AS `user` WHERE `user`.`discordID` = '1048239112274055219' LIMIT 1;
Executing (default): SELECT `id`, `discordID`, `name`, `wallet`, `Daily`, `alreadyWorked`, `inventory`, `inventoryLimit`, `BattlesWon`, `BattlesLost`, `BattlesGiveUp`, `IsInBattle`, `IsAdmin`, `BasicPackageQty`, `AdvancedPackageQty`, `PremiumPackageQty`, `createdAt`, `updatedAt` FROM `users` AS `user` WHERE `user`.`discordId` = '1048239112274055219' LIMIT 1;
Executing (default): SELECT `id`, `discordID`, `name`, `wallet`, `Daily`, `alreadyWorked`, `inventory`, `inventoryLimit`, `BattlesWon`, `BattlesLost`, `BattlesGiveUp`, `IsInBattle`, `IsAdmin`, `BasicPackageQty`, `AdvancedPackageQty`, `PremiumPackageQty`, `createdAt`, `updatedAt` FROM `users` AS `user` WHERE `user`.`discordID` = '1048239112274055219' LIMIT 1;
Executing (default): SELECT `id`, `discordID`, `name`, `wallet`, `Daily`, `alreadyWorked`, `inventory`, `inventoryLimit`, `BattlesWon`, `BattlesLost`, `BattlesGiveUp`, `IsInBattle`, `IsAdmin`, `BasicPackageQty`, `AdvancedPackageQty`, `PremiumPackageQty`, `createdAt`, `updatedAt` FROM `users` AS `user` WHERE `user`.`discordId` = '1048239112274055219' LIMIT 1;
npm verbose cli /home/nicolas/.nvm/versions/node/v22.12.0/bin/node /home/nicolas/.nvm/versions/node/v22.12.0/bin/npm
npm info using npm@10.9.0
npm info using node@v22.12.0
npm verbose title npm start
npm verbose argv "start"
npm verbose logfile logs-max:10 dir:/home/nicolas/.npm/_logs/2025-01-02T02_08_25_013Z-
npm verbose logfile /home/nicolas/.npm/_logs/2025-01-02T02_08_25_013Z-debug-0.log

> discord_gacha_battle_bot@1.0.0 start
> node index.js

Caminho do .env: /home/nicolas/DISCORD_GACHA_BATTLE_BOT/DGB-BOT-DISCORD/.env
{"level":"info","message":"Aplicação iniciada com sucesso!","timestamp":"2025-01-02T02:08:30.622Z"}
{"level":"info","message":"Ready! Logged in as DGB BOT#5965","timestamp":"2025-01-02T02:08:31.831Z"}
Executing (default): SELECT 1+1 AS result
Executing (default): SELECT TABLE_NAME FROM INFORMATION_SCHEMA.TABLES WHERE TABLE_TYPE = 'BASE TABLE' AND TABLE_NAME = 'skills' AND TABLE_SCHEMA = 'dgbbot_database'
Executing (default): SHOW INDEX FROM `skills` FROM `dgbbot_database`
Executing (default): SELECT TABLE_NAME FROM INFORMATION_SCHEMA.TABLES WHERE TABLE_TYPE = 'BASE TABLE' AND TABLE_NAME = 'cards' AND TABLE_SCHEMA = 'dgbbot_database'
Executing (default): SHOW INDEX FROM `cards` FROM `dgbbot_database`
Executing (default): SELECT TABLE_NAME FROM INFORMATION_SCHEMA.TABLES WHERE TABLE_TYPE = 'BASE TABLE' AND TABLE_NAME = 'users' AND TABLE_SCHEMA = 'dgbbot_database'
Executing (default): SHOW INDEX FROM `users` FROM `dgbbot_database`
Executing (default): SELECT TABLE_NAME FROM INFORMATION_SCHEMA.TABLES WHERE TABLE_TYPE = 'BASE TABLE' AND TABLE_NAME = 'usercards' AND TABLE_SCHEMA = 'dgbbot_database'
Executing (default): SHOW INDEX FROM `usercards` FROM `dgbbot_database`
Executing (default): SELECT TABLE_NAME FROM INFORMATION_SCHEMA.TABLES WHERE TABLE_TYPE = 'BASE TABLE' AND TABLE_NAME = 'skills' AND TABLE_SCHEMA = 'dgbbot_database'
Executing (default): SHOW FULL COLUMNS FROM `skills`;
Executing (default): SELECT CONSTRAINT_NAME as constraint_name,CONSTRAINT_NAME as constraintName,CONSTRAINT_SCHEMA as constraintSchema,CONSTRAINT_SCHEMA as constraintCatalog,TABLE_NAME as tableName,TABLE_SCHEMA as tableSchema,TABLE_SCHEMA as tableCatalog,COLUMN_NAME as columnName,REFERENCED_TABLE_SCHEMA as referencedTableSchema,REFERENCED_TABLE_SCHEMA as referencedTableCatalog,REFERENCED_TABLE_NAME as referencedTableName,REFERENCED_COLUMN_NAME as referencedColumnName FROM INFORMATION_SCHEMA.KEY_COLUMN_USAGE where TABLE_NAME = 'skills' AND CONSTRAINT_NAME!='PRIMARY' AND CONSTRAINT_SCHEMA='dgbbot_database' AND REFERENCED_TABLE_NAME IS NOT NULL;
Executing (default): ALTER TABLE `skills` CHANGE `name` `name` VARCHAR(255) NOT NULL UNIQUE;
Executing (default): ALTER TABLE `skills` CHANGE `description` `description` VARCHAR(255) NOT NULL;
Executing (default): ALTER TABLE `skills` CHANGE `image` `image` VARCHAR(255) NOT NULL;
Executing (default): ALTER TABLE `skills` CHANGE `imageHash` `imageHash` VARCHAR(255) NOT NULL UNIQUE;
Executing (default): ALTER TABLE `skills` CHANGE `cost` `cost` INTEGER NOT NULL;
Executing (default): ALTER TABLE `skills` CHANGE `SkillType` `SkillType` VARCHAR(255) NOT NULL;
Executing (default): ALTER TABLE `skills` CHANGE `SkillValue` `SkillValue` INTEGER DEFAULT 0;
Executing (default): ALTER TABLE `skills` CHANGE `StatusChangeType` `StatusChangeType` VARCHAR(255) NOT NULL DEFAULT '';
Executing (default): ALTER TABLE `skills` CHANGE `SkillMultiplier` `SkillMultiplier` FLOAT NOT NULL;
Executing (default): ALTER TABLE `skills` CHANGE `acurracy` `acurracy` FLOAT NOT NULL;
Executing (default): ALTER TABLE `skills` CHANGE `hitTimes` `hitTimes` INTEGER NOT NULL;
Executing (default): ALTER TABLE `skills` CHANGE `duration` `duration` INTEGER NOT NULL DEFAULT 0;
Executing (default): ALTER TABLE `skills` CHANGE `createdAt` `createdAt` DATETIME NOT NULL;
Executing (default): ALTER TABLE `skills` CHANGE `updatedAt` `updatedAt` DATETIME NOT NULL;
Executing (default): SELECT CONSTRAINT_CATALOG AS constraintCatalog, CONSTRAINT_NAME AS constraintName, CONSTRAINT_SCHEMA AS constraintSchema, CONSTRAINT_TYPE AS constraintType, TABLE_NAME AS tableName, TABLE_SCHEMA AS tableSchema from INFORMATION_SCHEMA.TABLE_CONSTRAINTS WHERE table_name='skills' AND constraint_name = 'skills_ibfk_1' AND TABLE_SCHEMA = 'dgbbot_database';
Executing (default): ALTER TABLE `skills` DROP FOREIGN KEY `skills_ibfk_1`;
Executing (default): ALTER TABLE `skills` ADD FOREIGN KEY (`cardId`) REFERENCES `cards` (`id`) ON DELETE SET NULL ON UPDATE CASCADE;
Executing (default): SHOW INDEX FROM `skills` FROM `dgbbot_database`
Executing (default): SELECT TABLE_NAME FROM INFORMATION_SCHEMA.TABLES WHERE TABLE_TYPE = 'BASE TABLE' AND TABLE_NAME = 'cards' AND TABLE_SCHEMA = 'dgbbot_database'
Executing (default): SHOW FULL COLUMNS FROM `cards`;
Executing (default): SELECT CONSTRAINT_NAME as constraint_name,CONSTRAINT_NAME as constraintName,CONSTRAINT_SCHEMA as constraintSchema,CONSTRAINT_SCHEMA as constraintCatalog,TABLE_NAME as tableName,TABLE_SCHEMA as tableSchema,TABLE_SCHEMA as tableCatalog,COLUMN_NAME as columnName,REFERENCED_TABLE_SCHEMA as referencedTableSchema,REFERENCED_TABLE_SCHEMA as referencedTableCatalog,REFERENCED_TABLE_NAME as referencedTableName,REFERENCED_COLUMN_NAME as referencedColumnName FROM INFORMATION_SCHEMA.KEY_COLUMN_USAGE where TABLE_NAME = 'cards' AND CONSTRAINT_NAME!='PRIMARY' AND CONSTRAINT_SCHEMA='dgbbot_database' AND REFERENCED_TABLE_NAME IS NOT NULL;
Executing (default): ALTER TABLE `cards` CHANGE `name` `name` VARCHAR(255) NOT NULL UNIQUE;
Executing (default): ALTER TABLE `cards` CHANGE `description` `description` VARCHAR(255) NOT NULL;
Executing (default): ALTER TABLE `cards` CHANGE `image` `image` VARCHAR(255) NOT NULL;
Executing (default): ALTER TABLE `cards` CHANGE `imageHash` `imageHash` VARCHAR(255) NOT NULL UNIQUE;
Executing (default): ALTER TABLE `cards` CHANGE `rarity` `rarity` VARCHAR(255) NOT NULL;
Executing (default): ALTER TABLE `cards` CHANGE `price` `price` FLOAT NOT NULL;
Executing (default): ALTER TABLE `cards` CHANGE `sellValue` `sellValue` FLOAT NOT NULL;
Executing (default): ALTER TABLE `cards` CHANGE `tradable` `tradable` TINYINT(1) NOT NULL;
Executing (default): ALTER TABLE `cards` CHANGE `HP` `HP` INTEGER NOT NULL;
Executing (default): ALTER TABLE `cards` CHANGE `MANA` `MANA` INTEGER NOT NULL;
Executing (default): ALTER TABLE `cards` CHANGE `ATK` `ATK` INTEGER NOT NULL;
Executing (default): ALTER TABLE `cards` CHANGE `DEF` `DEF` INTEGER NOT NULL;
Executing (default): ALTER TABLE `cards` CHANGE `SPEED` `SPEED` INTEGER NOT NULL;
Executing (default): SELECT CONSTRAINT_CATALOG AS constraintCatalog, CONSTRAINT_NAME AS constraintName, CONSTRAINT_SCHEMA AS constraintSchema, CONSTRAINT_TYPE AS constraintType, TABLE_NAME AS tableName, TABLE_SCHEMA AS tableSchema from INFORMATION_SCHEMA.TABLE_CONSTRAINTS WHERE table_name='cards' AND constraint_name = 'cards_ibfk_1' AND TABLE_SCHEMA = 'dgbbot_database';
Executing (default): ALTER TABLE `cards` DROP FOREIGN KEY `cards_ibfk_1`;
Executing (default): SELECT CONSTRAINT_CATALOG AS constraintCatalog, CONSTRAINT_NAME AS constraintName, CONSTRAINT_SCHEMA AS constraintSchema, CONSTRAINT_TYPE AS constraintType, TABLE_NAME AS tableName, TABLE_SCHEMA AS tableSchema from INFORMATION_SCHEMA.TABLE_CONSTRAINTS WHERE table_name='cards' AND constraint_name = 'cards_ibfk_2' AND TABLE_SCHEMA = 'dgbbot_database';
Executing (default): ALTER TABLE `cards` DROP FOREIGN KEY `cards_ibfk_2`;
Executing (default): ALTER TABLE `cards` ADD FOREIGN KEY (`SKILL1`) REFERENCES `skills` (`id`);
Executing (default): ALTER TABLE `cards` ADD FOREIGN KEY (`SKILL2`) REFERENCES `skills` (`id`);
Executing (default): ALTER TABLE `cards` CHANGE `createdAt` `createdAt` DATETIME NOT NULL;
Executing (default): ALTER TABLE `cards` CHANGE `updatedAt` `updatedAt` DATETIME NOT NULL;
Executing (default): SHOW INDEX FROM `cards` FROM `dgbbot_database`
Executing (default): SELECT TABLE_NAME FROM INFORMATION_SCHEMA.TABLES WHERE TABLE_TYPE = 'BASE TABLE' AND TABLE_NAME = 'users' AND TABLE_SCHEMA = 'dgbbot_database'
Executing (default): SHOW FULL COLUMNS FROM `users`;
Executing (default): SELECT CONSTRAINT_NAME as constraint_name,CONSTRAINT_NAME as constraintName,CONSTRAINT_SCHEMA as constraintSchema,CONSTRAINT_SCHEMA as constraintCatalog,TABLE_NAME as tableName,TABLE_SCHEMA as tableSchema,TABLE_SCHEMA as tableCatalog,COLUMN_NAME as columnName,REFERENCED_TABLE_SCHEMA as referencedTableSchema,REFERENCED_TABLE_SCHEMA as referencedTableCatalog,REFERENCED_TABLE_NAME as referencedTableName,REFERENCED_COLUMN_NAME as referencedColumnName FROM INFORMATION_SCHEMA.KEY_COLUMN_USAGE where TABLE_NAME = 'users' AND CONSTRAINT_NAME!='PRIMARY' AND CONSTRAINT_SCHEMA='dgbbot_database' AND REFERENCED_TABLE_NAME IS NOT NULL;
Executing (default): ALTER TABLE `users` CHANGE `discordID` `discordID` VARCHAR(255) NOT NULL;
Executing (default): ALTER TABLE `users` CHANGE `name` `name` VARCHAR(255) NOT NULL;
Executing (default): ALTER TABLE `users` CHANGE `wallet` `wallet` INTEGER DEFAULT 50;
Executing (default): ALTER TABLE `users` CHANGE `Daily` `Daily` TINYINT(1) DEFAULT false;
Executing (default): ALTER TABLE `users` CHANGE `alreadyWorked` `alreadyWorked` TINYINT(1) DEFAULT false;
Executing (default): ALTER TABLE `users` CHANGE `inventory` `inventory` INTEGER DEFAULT 0;
Executing (default): ALTER TABLE `users` CHANGE `inventoryLimit` `inventoryLimit` INTEGER DEFAULT 15;
Executing (default): ALTER TABLE `users` CHANGE `BattlesWon` `BattlesWon` INTEGER DEFAULT 0;
Executing (default): ALTER TABLE `users` CHANGE `BattlesLost` `BattlesLost` INTEGER DEFAULT 0;
Executing (default): ALTER TABLE `users` CHANGE `BattlesGiveUp` `BattlesGiveUp` INTEGER DEFAULT 0;
Executing (default): ALTER TABLE `users` CHANGE `IsInBattle` `IsInBattle` TINYINT(1) DEFAULT false;
Executing (default): ALTER TABLE `users` CHANGE `IsAdmin` `IsAdmin` TINYINT(1) DEFAULT false;
Executing (default): ALTER TABLE `users` CHANGE `BasicPackageQty` `BasicPackageQty` INTEGER DEFAULT 0;
Executing (default): ALTER TABLE `users` CHANGE `AdvancedPackageQty` `AdvancedPackageQty` INTEGER DEFAULT 0;
Executing (default): ALTER TABLE `users` CHANGE `PremiumPackageQty` `PremiumPackageQty` INTEGER DEFAULT 0;
Executing (default): ALTER TABLE `users` CHANGE `createdAt` `createdAt` DATETIME NOT NULL;
Executing (default): ALTER TABLE `users` CHANGE `updatedAt` `updatedAt` DATETIME NOT NULL;
Executing (default): SHOW INDEX FROM `users` FROM `dgbbot_database`
Executing (default): SELECT TABLE_NAME FROM INFORMATION_SCHEMA.TABLES WHERE TABLE_TYPE = 'BASE TABLE' AND TABLE_NAME = 'usercards' AND TABLE_SCHEMA = 'dgbbot_database'
Executing (default): SHOW FULL COLUMNS FROM `usercards`;
Executing (default): SELECT CONSTRAINT_NAME as constraint_name,CONSTRAINT_NAME as constraintName,CONSTRAINT_SCHEMA as constraintSchema,CONSTRAINT_SCHEMA as constraintCatalog,TABLE_NAME as tableName,TABLE_SCHEMA as tableSchema,TABLE_SCHEMA as tableCatalog,COLUMN_NAME as columnName,REFERENCED_TABLE_SCHEMA as referencedTableSchema,REFERENCED_TABLE_SCHEMA as referencedTableCatalog,REFERENCED_TABLE_NAME as referencedTableName,REFERENCED_COLUMN_NAME as referencedColumnName FROM INFORMATION_SCHEMA.KEY_COLUMN_USAGE where TABLE_NAME = 'usercards' AND CONSTRAINT_NAME!='PRIMARY' AND CONSTRAINT_SCHEMA='dgbbot_database' AND REFERENCED_TABLE_NAME IS NOT NULL;
Executing (default): ALTER TABLE `usercards` CHANGE `quantity` `quantity` INTEGER NOT NULL;
Executing (default): ALTER TABLE `usercards` CHANGE `currentHP` `currentHP` INTEGER NOT NULL;
Executing (default): ALTER TABLE `usercards` CHANGE `currentATK` `currentATK` INTEGER NOT NULL;
Executing (default): ALTER TABLE `usercards` CHANGE `currentDEF` `currentDEF` INTEGER NOT NULL;
Executing (default): ALTER TABLE `usercards` CHANGE `currentSPEED` `currentSPEED` INTEGER NOT NULL;
Executing (default): ALTER TABLE `usercards` CHANGE `createdAt` `createdAt` DATETIME NOT NULL;
Executing (default): ALTER TABLE `usercards` CHANGE `updatedAt` `updatedAt` DATETIME NOT NULL;
Executing (default): SHOW INDEX FROM `usercards` FROM `dgbbot_database`
Executing (default): SELECT `id`, `name`, `description`, `image`, `imageHash`, `cost`, `SkillType`, `SkillValue`, `StatusChangeType`, `SkillMultiplier`, `acurracy`, `hitTimes`, `duration`, `createdAt`, `updatedAt`, `cardId` FROM `skills` AS `skill` WHERE `skill`.`imageHash` = '4597911a05b0f767b244fd0d56253072d2fa60464062c0af50e4c238b11e41f3';
Imagem já existe no banco de dados, usando URL existente.
Executing (default): SELECT `id`, `name`, `description`, `image`, `imageHash`, `cost`, `SkillType`, `SkillValue`, `StatusChangeType`, `SkillMultiplier`, `acurracy`, `hitTimes`, `duration`, `createdAt`, `updatedAt`, `cardId` FROM `skills` AS `skill` WHERE `skill`.`imageHash` = '816fe737e6c30ab4579a03512476d4068e7f130928287827198cafa6bb363d5a';
Imagem já existe no banco de dados, usando URL existente.
Executing (default): SELECT `id`, `name`, `description`, `image`, `imageHash`, `rarity`, `price`, `sellValue`, `tradable`, `HP`, `MANA`, `ATK`, `DEF`, `SPEED`, `SKILL1`, `SKILL2`, `createdAt`, `updatedAt` FROM `cards` AS `card` WHERE `card`.`imageHash` = '7ec17739b4d8220b0829b207d8a36c54bcf4237d31c9cd568f4149ab210f3886';
Imagem já existe no banco de dados, usando URL existente.
{"level":"info","message":"Conexão com o banco de dados estabelecida com sucesso!","timestamp":"2025-01-02T02:08:34.276Z"}
Successfully registered application commands.
Executing (default): SELECT `id`, `discordID`, `name`, `wallet`, `Daily`, `alreadyWorked`, `inventory`, `inventoryLimit`, `BattlesWon`, `BattlesLost`, `BattlesGiveUp`, `IsInBattle`, `IsAdmin`, `BasicPackageQty`, `AdvancedPackageQty`, `PremiumPackageQty`, `createdAt`, `updatedAt` FROM `users` AS `user` WHERE `user`.`discordID` = '1048239112274055219' LIMIT 1;
Executing (default): SELECT `id`, `discordID`, `name`, `wallet`, `Daily`, `alreadyWorked`, `inventory`, `inventoryLimit`, `BattlesWon`, `BattlesLost`, `BattlesGiveUp`, `IsInBattle`, `IsAdmin`, `BasicPackageQty`, `AdvancedPackageQty`, `PremiumPackageQty`, `createdAt`, `updatedAt` FROM `users` AS `user` WHERE `user`.`discordId` = '1048239112274055219' LIMIT 1;
Executing (default): SELECT `id`, `discordID`, `name`, `wallet`, `Daily`, `alreadyWorked`, `inventory`, `inventoryLimit`, `BattlesWon`, `BattlesLost`, `BattlesGiveUp`, `IsInBattle`, `IsAdmin`, `BasicPackageQty`, `AdvancedPackageQty`, `PremiumPackageQty`, `createdAt`, `updatedAt` FROM `users` AS `user` WHERE `user`.`discordID` = '1048239112274055219' LIMIT 1;
Executing (default): SELECT `id`, `discordID`, `name`, `wallet`, `Daily`, `alreadyWorked`, `inventory`, `inventoryLimit`, `BattlesWon`, `BattlesLost`, `BattlesGiveUp`, `IsInBattle`, `IsAdmin`, `BasicPackageQty`, `AdvancedPackageQty`, `PremiumPackageQty`, `createdAt`, `updatedAt` FROM `users` AS `user` WHERE `user`.`discordId` = '1048239112274055219' LIMIT 1;
Erro ao processar a interação: DiscordAPIError[10062]: Unknown interaction
    at handleErrors (/home/nicolas/DISCORD_GACHA_BATTLE_BOT/DGB-BOT-DISCORD/node_modules/@discordjs/rest/dist/index.js:727:13)
    at process.processTicksAndRejections (node:internal/process/task_queues:105:5)
    at async BurstHandler.runRequest (/home/nicolas/DISCORD_GACHA_BATTLE_BOT/DGB-BOT-DISCORD/node_modules/@discordjs/rest/dist/index.js:831:23)
    at async _REST.request (/home/nicolas/DISCORD_GACHA_BATTLE_BOT/DGB-BOT-DISCORD/node_modules/@discordjs/rest/dist/index.js:1272:22)
    at async ChatInputCommandInteraction.reply (/home/nicolas/DISCORD_GACHA_BATTLE_BOT/DGB-BOT-DISCORD/node_modules/discord.js/src/structures/interfaces/InteractionResponses.js:115:5)
    at async Object.myProfile (/home/nicolas/DISCORD_GACHA_BATTLE_BOT/DGB-BOT-DISCORD/handlers/interaction/interactionList.js:22:3)
    at async handleInteraction (/home/nicolas/DISCORD_GACHA_BATTLE_BOT/DGB-BOT-DISCORD/handlers/interaction-handler.js:34:9)
    at async Client.<anonymous> (/home/nicolas/DISCORD_GACHA_BATTLE_BOT/DGB-BOT-DISCORD/index.js:55:26) {
  requestBody: { files: [], json: { type: 4, data: [Object] } },
  rawError: { message: 'Unknown interaction', code: 10062 },
  code: 10062,
  status: 404,
  method: 'POST',
  url: 'https://discord.com/api/v10/interactions/1324197670994313266/aW50ZXJhY3Rpb246MTMyNDE5NzY3MDk5NDMxMzI2Njp3YW1PRFVhbmNDdTVUTUlteHBzVlk5Yk5tbmtKY2V0RlZxdWl3ZEZPZE5jS3Bwc1M0ZGprc09sZGJudUV5Nk9ndzh0TXhBd3B3d1JrRnFnb2hpY0V4RXRPOFZsYnZBRGtrR0FPOGxPa2VHY2xIRWlvMUFWNzJvY2ZFdlRIQlRBYQ/callback'
}
Executing (default): SELECT `id`, `discordID`, `name`, `wallet`, `Daily`, `alreadyWorked`, `inventory`, `inventoryLimit`, `BattlesWon`, `BattlesLost`, `BattlesGiveUp`, `IsInBattle`, `IsAdmin`, `BasicPackageQty`, `AdvancedPackageQty`, `PremiumPackageQty`, `createdAt`, `updatedAt` FROM `users` AS `user` WHERE `user`.`discordID` = '1048239112274055219' LIMIT 1;
Executing (default): SELECT `id`, `discordID`, `name`, `wallet`, `Daily`, `alreadyWorked`, `inventory`, `inventoryLimit`, `BattlesWon`, `BattlesLost`, `BattlesGiveUp`, `IsInBattle`, `IsAdmin`, `BasicPackageQty`, `AdvancedPackageQty`, `PremiumPackageQty`, `createdAt`, `updatedAt` FROM `users` AS `user` WHERE `user`.`discordID` = '1048239112274055219' LIMIT 1;
Executing (default): SELECT `id`, `discordID`, `name`, `wallet`, `Daily`, `alreadyWorked`, `inventory`, `inventoryLimit`, `BattlesWon`, `BattlesLost`, `BattlesGiveUp`, `IsInBattle`, `IsAdmin`, `BasicPackageQty`, `AdvancedPackageQty`, `PremiumPackageQty`, `createdAt`, `updatedAt` FROM `users` AS `user` WHERE `user`.`discordId` = '1048239112274055219' LIMIT 1;
Executing (default): SELECT `id`, `discordID`, `name`, `wallet`, `Daily`, `alreadyWorked`, `inventory`, `inventoryLimit`, `BattlesWon`, `BattlesLost`, `BattlesGiveUp`, `IsInBattle`, `IsAdmin`, `BasicPackageQty`, `AdvancedPackageQty`, `PremiumPackageQty`, `createdAt`, `updatedAt` FROM `users` AS `user` WHERE `user`.`discordId` = '1048239112274055219' LIMIT 1;
Erro ao processar a interação: DiscordAPIError[10062]: Unknown interaction
    at handleErrors (/home/nicolas/DISCORD_GACHA_BATTLE_BOT/DGB-BOT-DISCORD/node_modules/@discordjs/rest/dist/index.js:727:13)
    at process.processTicksAndRejections (node:internal/process/task_queues:105:5)
    at async BurstHandler.runRequest (/home/nicolas/DISCORD_GACHA_BATTLE_BOT/DGB-BOT-DISCORD/node_modules/@discordjs/rest/dist/index.js:831:23)
    at async _REST.request (/home/nicolas/DISCORD_GACHA_BATTLE_BOT/DGB-BOT-DISCORD/node_modules/@discordjs/rest/dist/index.js:1272:22)
    at async ChatInputCommandInteraction.reply (/home/nicolas/DISCORD_GACHA_BATTLE_BOT/DGB-BOT-DISCORD/node_modules/discord.js/src/structures/interfaces/InteractionResponses.js:115:5)
    at async Object.myProfile (/home/nicolas/DISCORD_GACHA_BATTLE_BOT/DGB-BOT-DISCORD/handlers/interaction/interactionList.js:22:3)
    at async handleInteraction (/home/nicolas/DISCORD_GACHA_BATTLE_BOT/DGB-BOT-DISCORD/handlers/interaction-handler.js:34:9)
    at async Client.<anonymous> (/home/nicolas/DISCORD_GACHA_BATTLE_BOT/DGB-BOT-DISCORD/index.js:55:26) {
  requestBody: { files: [], json: { type: 4, data: [Object] } },
  rawError: { message: 'Unknown interaction', code: 10062 },
  code: 10062,
  status: 404,
  method: 'POST',
  url: 'https://discord.com/api/v10/interactions/1324197701096575086/aW50ZXJhY3Rpb246MTMyNDE5NzcwMTA5NjU3NTA4NjppTlgwVk1oZTZ3MGcwOW55bEljd1FHa2Z3UWFBUVpCSnBtV2cxSWFDNm1KUXlFMXAzNWs3Vk02N21KVmlwak56Z1l4NVltNFZBc1RHUkpRZ29PZGhBeUdDZmlpNjNxMlRmU1BJd1k2ZFpvQzk0OXJJSXc5Unk3eThZenBTbXBmMw/callback'
}
Executing (default): SELECT `id`, `discordID`, `name`, `wallet`, `Daily`, `alreadyWorked`, `inventory`, `inventoryLimit`, `BattlesWon`, `BattlesLost`, `BattlesGiveUp`, `IsInBattle`, `IsAdmin`, `BasicPackageQty`, `AdvancedPackageQty`, `PremiumPackageQty`, `createdAt`, `updatedAt` FROM `users` AS `user` WHERE `user`.`discordID` = '1048239112274055219' LIMIT 1;
Executing (default): SELECT `id`, `discordID`, `name`, `wallet`, `Daily`, `alreadyWorked`, `inventory`, `inventoryLimit`, `BattlesWon`, `BattlesLost`, `BattlesGiveUp`, `IsInBattle`, `IsAdmin`, `BasicPackageQty`, `AdvancedPackageQty`, `PremiumPackageQty`, `createdAt`, `updatedAt` FROM `users` AS `user` WHERE `user`.`discordID` = '1048239112274055219' LIMIT 1;
Executing (default): SELECT `id`, `discordID`, `name`, `wallet`, `Daily`, `alreadyWorked`, `inventory`, `inventoryLimit`, `BattlesWon`, `BattlesLost`, `BattlesGiveUp`, `IsInBattle`, `IsAdmin`, `BasicPackageQty`, `AdvancedPackageQty`, `PremiumPackageQty`, `createdAt`, `updatedAt` FROM `users` AS `user` WHERE `user`.`discordId` = '1048239112274055219' LIMIT 1;
Executing (default): SELECT `id`, `discordID`, `name`, `wallet`, `Daily`, `alreadyWorked`, `inventory`, `inventoryLimit`, `BattlesWon`, `BattlesLost`, `BattlesGiveUp`, `IsInBattle`, `IsAdmin`, `BasicPackageQty`, `AdvancedPackageQty`, `PremiumPackageQty`, `createdAt`, `updatedAt` FROM `users` AS `user` WHERE `user`.`discordId` = '1048239112274055219' LIMIT 1;
Erro ao processar a interação: DiscordAPIError[10062]: Unknown interaction
    at handleErrors (/home/nicolas/DISCORD_GACHA_BATTLE_BOT/DGB-BOT-DISCORD/node_modules/@discordjs/rest/dist/index.js:727:13)
    at process.processTicksAndRejections (node:internal/process/task_queues:105:5)
    at async BurstHandler.runRequest (/home/nicolas/DISCORD_GACHA_BATTLE_BOT/DGB-BOT-DISCORD/node_modules/@discordjs/rest/dist/index.js:831:23)
    at async _REST.request (/home/nicolas/DISCORD_GACHA_BATTLE_BOT/DGB-BOT-DISCORD/node_modules/@discordjs/rest/dist/index.js:1272:22)
    at async ChatInputCommandInteraction.reply (/home/nicolas/DISCORD_GACHA_BATTLE_BOT/DGB-BOT-DISCORD/node_modules/discord.js/src/structures/interfaces/InteractionResponses.js:115:5)
    at async Object.myProfile (/home/nicolas/DISCORD_GACHA_BATTLE_BOT/DGB-BOT-DISCORD/handlers/interaction/interactionList.js:22:3)
    at async handleInteraction (/home/nicolas/DISCORD_GACHA_BATTLE_BOT/DGB-BOT-DISCORD/handlers/interaction-handler.js:34:9)
    at async Client.<anonymous> (/home/nicolas/DISCORD_GACHA_BATTLE_BOT/DGB-BOT-DISCORD/index.js:55:26) {
  requestBody: { files: [], json: { type: 4, data: [Object] } },
  rawError: { message: 'Unknown interaction', code: 10062 },
  code: 10062,
  status: 404,
  method: 'POST',
  url: 'https://discord.com/api/v10/interactions/1324197715839549531/aW50ZXJhY3Rpb246MTMyNDE5NzcxNTgzOTU0OTUzMTpLSTJUc09QbWZqdUZHZ3g2V0cyaktaMDlBeEJEb1Njd0xaZUxGa3RVSFZlNnBYUGtoVUU0VEhWT0pWYWZiYzh2YXAyQkhJOVZ3YnBRTURHdGo3dzd6dzR4YkNIMW9YcUxQRVBiNjl4Szd2SzNleUFPeG1BeEZnZjhZVFZ6b0hOaA/callback'
}
Executing (default): SELECT `id`, `discordID`, `name`, `wallet`, `Daily`, `alreadyWorked`, `inventory`, `inventoryLimit`, `BattlesWon`, `BattlesLost`, `BattlesGiveUp`, `IsInBattle`, `IsAdmin`, `BasicPackageQty`, `AdvancedPackageQty`, `PremiumPackageQty`, `createdAt`, `updatedAt` FROM `users` AS `user` WHERE `user`.`discordID` = '1048239112274055219' LIMIT 1;
Executing (default): SELECT `id`, `discordID`, `name`, `wallet`, `Daily`, `alreadyWorked`, `inventory`, `inventoryLimit`, `BattlesWon`, `BattlesLost`, `BattlesGiveUp`, `IsInBattle`, `IsAdmin`, `BasicPackageQty`, `AdvancedPackageQty`, `PremiumPackageQty`, `createdAt`, `updatedAt` FROM `users` AS `user` WHERE `user`.`discordID` = '1048239112274055219' LIMIT 1;
Executing (default): SELECT `id`, `discordID`, `name`, `wallet`, `Daily`, `alreadyWorked`, `inventory`, `inventoryLimit`, `BattlesWon`, `BattlesLost`, `BattlesGiveUp`, `IsInBattle`, `IsAdmin`, `BasicPackageQty`, `AdvancedPackageQty`, `PremiumPackageQty`, `createdAt`, `updatedAt` FROM `users` AS `user` WHERE `user`.`discordId` = '1048239112274055219' LIMIT 1;
Executing (default): SELECT `id`, `discordID`, `name`, `wallet`, `Daily`, `alreadyWorked`, `inventory`, `inventoryLimit`, `BattlesWon`, `BattlesLost`, `BattlesGiveUp`, `IsInBattle`, `IsAdmin`, `BasicPackageQty`, `AdvancedPackageQty`, `PremiumPackageQty`, `createdAt`, `updatedAt` FROM `users` AS `user` WHERE `user`.`discordId` = '1048239112274055219' LIMIT 1;
Erro ao processar a interação: DiscordAPIError[10062]: Unknown interaction
    at handleErrors (/home/nicolas/DISCORD_GACHA_BATTLE_BOT/DGB-BOT-DISCORD/node_modules/@discordjs/rest/dist/index.js:727:13)
    at process.processTicksAndRejections (node:internal/process/task_queues:105:5)
    at async BurstHandler.runRequest (/home/nicolas/DISCORD_GACHA_BATTLE_BOT/DGB-BOT-DISCORD/node_modules/@discordjs/rest/dist/index.js:831:23)
    at async _REST.request (/home/nicolas/DISCORD_GACHA_BATTLE_BOT/DGB-BOT-DISCORD/node_modules/@discordjs/rest/dist/index.js:1272:22)
    at async ChatInputCommandInteraction.reply (/home/nicolas/DISCORD_GACHA_BATTLE_BOT/DGB-BOT-DISCORD/node_modules/discord.js/src/structures/interfaces/InteractionResponses.js:115:5)
    at async Object.myProfile (/home/nicolas/DISCORD_GACHA_BATTLE_BOT/DGB-BOT-DISCORD/handlers/interaction/interactionList.js:22:3)
    at async handleInteraction (/home/nicolas/DISCORD_GACHA_BATTLE_BOT/DGB-BOT-DISCORD/handlers/interaction-handler.js:34:9)
    at async Client.<anonymous> (/home/nicolas/DISCORD_GACHA_BATTLE_BOT/DGB-BOT-DISCORD/index.js:55:26) {
  requestBody: { files: [], json: { type: 4, data: [Object] } },
  rawError: { message: 'Unknown interaction', code: 10062 },
  code: 10062,
  status: 404,
  method: 'POST',
  url: 'https://discord.com/api/v10/interactions/1324197724001800234/aW50ZXJhY3Rpb246MTMyNDE5NzcyNDAwMTgwMDIzNDpyNndWMVJNd2trQ1NrRDZpUDRpRUxKMVZ4MVNFbUhvcWNuMExkelJKOHFhUHN4SUlzdDg2UjBzMVNOQ1dXQ3JpMjhlakhlZThWSWFKaGRVald2QzBBVzRqYnN1ZjdKNE9JU0ZCb25ka2t1enc2RHBTejJ4M2NqbFFQZ1pIbmxyaQ/callback'
}
